mode: atomic
github.com/googleapis/gnostic-grpc/incompatibility/incompatibility-report/chain.go:27.105,29.31 2 3
github.com/googleapis/gnostic-grpc/incompatibility/incompatibility-report/chain.go:32.2,32.69 1 3
github.com/googleapis/gnostic-grpc/incompatibility/incompatibility-report/chain.go:29.31,31.3 1 6
github.com/googleapis/gnostic-grpc/incompatibility/incompatibility-report/chain.go:38.89,39.25 1 3
github.com/googleapis/gnostic-grpc/incompatibility/incompatibility-report/chain.go:43.2,43.8 1 3
github.com/googleapis/gnostic-grpc/incompatibility/incompatibility-report/chain.go:39.25,42.3 1 2
github.com/googleapis/gnostic-grpc/incompatibility/incompatibility-report/chain.go:47.82,49.22 2 3
github.com/googleapis/gnostic-grpc/incompatibility/incompatibility-report/chain.go:52.2,52.42 1 1
github.com/googleapis/gnostic-grpc/incompatibility/incompatibility-report/chain.go:75.2,75.8 1 1
github.com/googleapis/gnostic-grpc/incompatibility/incompatibility-report/chain.go:49.22,51.3 1 2
github.com/googleapis/gnostic-grpc/incompatibility/incompatibility-report/chain.go:52.42,55.28 3 1
github.com/googleapis/gnostic-grpc/incompatibility/incompatibility-report/chain.go:58.3,58.31 1 1
github.com/googleapis/gnostic-grpc/incompatibility/incompatibility-report/chain.go:61.3,61.29 1 1
github.com/googleapis/gnostic-grpc/incompatibility/incompatibility-report/chain.go:64.3,73.75 5 1
github.com/googleapis/gnostic-grpc/incompatibility/incompatibility-report/chain.go:55.28,57.4 1 1
github.com/googleapis/gnostic-grpc/incompatibility/incompatibility-report/chain.go:58.31,60.4 1 1
github.com/googleapis/gnostic-grpc/incompatibility/incompatibility-report/chain.go:61.29,63.4 1 1
github.com/googleapis/gnostic-grpc/incompatibility/incompatibility-report/chain.go:81.113,82.22 1 5
github.com/googleapis/gnostic-grpc/incompatibility/incompatibility-report/chain.go:85.2,85.32 1 0
github.com/googleapis/gnostic-grpc/incompatibility/incompatibility-report/chain.go:88.2,88.31 1 0
github.com/googleapis/gnostic-grpc/incompatibility/incompatibility-report/chain.go:91.2,91.8 1 0
github.com/googleapis/gnostic-grpc/incompatibility/incompatibility-report/chain.go:82.22,84.3 1 5
github.com/googleapis/gnostic-grpc/incompatibility/incompatibility-report/chain.go:85.32,87.3 1 0
github.com/googleapis/gnostic-grpc/incompatibility/incompatibility-report/chain.go:88.31,90.3 1 0
github.com/googleapis/gnostic-grpc/incompatibility/incompatibility-report/chain.go:96.64,102.2 5 9
github.com/googleapis/gnostic-grpc/incompatibility/incompatibility-report/incomp-scanning.go:31.71,38.2 0 0
github.com/googleapis/gnostic-grpc/incompatibility/incompatibility-report/incomp-scanning.go:41.81,44.29 2 2
github.com/googleapis/gnostic-grpc/incompatibility/incompatibility-report/incomp-scanning.go:47.2,47.69 1 2
github.com/googleapis/gnostic-grpc/incompatibility/incompatibility-report/incomp-scanning.go:44.29,46.3 1 1
github.com/googleapis/gnostic-grpc/incompatibility/incompatibility-report/incompatibility-report.pb.go:62.36,66.2 3 0
github.com/googleapis/gnostic-grpc/incompatibility/incompatibility-report/incompatibility-report.pb.go:68.35,70.2 1 0
github.com/googleapis/gnostic-grpc/incompatibility/incompatibility-report/incompatibility-report.pb.go:72.58,74.2 1 0
github.com/googleapis/gnostic-grpc/incompatibility/incompatibility-report/incompatibility-report.pb.go:76.46,78.2 1 0
github.com/googleapis/gnostic-grpc/incompatibility/incompatibility-report/incompatibility-report.pb.go:80.52,82.2 1 0
github.com/googleapis/gnostic-grpc/incompatibility/incompatibility-report/incompatibility-report.pb.go:85.50,87.2 1 0
github.com/googleapis/gnostic-grpc/incompatibility/incompatibility-report/incompatibility-report.pb.go:99.35,101.29 2 0
github.com/googleapis/gnostic-grpc/incompatibility/incompatibility-report/incompatibility-report.pb.go:101.29,105.3 3 0
github.com/googleapis/gnostic-grpc/incompatibility/incompatibility-report/incompatibility-report.pb.go:108.43,110.2 1 0
github.com/googleapis/gnostic-grpc/incompatibility/incompatibility-report/incompatibility-report.pb.go:112.41,112.42 0 0
github.com/googleapis/gnostic-grpc/incompatibility/incompatibility-report/incompatibility-report.pb.go:114.63,116.41 2 0
github.com/googleapis/gnostic-grpc/incompatibility/incompatibility-report/incompatibility-report.pb.go:123.2,123.24 1 0
github.com/googleapis/gnostic-grpc/incompatibility/incompatibility-report/incompatibility-report.pb.go:116.41,118.34 2 0
github.com/googleapis/gnostic-grpc/incompatibility/incompatibility-report/incompatibility-report.pb.go:121.3,121.12 1 0
github.com/googleapis/gnostic-grpc/incompatibility/incompatibility-report/incompatibility-report.pb.go:118.34,120.4 1 0
github.com/googleapis/gnostic-grpc/incompatibility/incompatibility-report/incompatibility-report.pb.go:127.54,129.2 1 0
github.com/googleapis/gnostic-grpc/incompatibility/incompatibility-report/incompatibility-report.pb.go:131.51,132.14 1 0
github.com/googleapis/gnostic-grpc/incompatibility/incompatibility-report/incompatibility-report.pb.go:135.2,135.12 1 0
github.com/googleapis/gnostic-grpc/incompatibility/incompatibility-report/incompatibility-report.pb.go:132.14,134.3 1 0
github.com/googleapis/gnostic-grpc/incompatibility/incompatibility-report/incompatibility-report.pb.go:138.54,139.14 1 0
github.com/googleapis/gnostic-grpc/incompatibility/incompatibility-report/incompatibility-report.pb.go:142.2,142.11 1 0
github.com/googleapis/gnostic-grpc/incompatibility/incompatibility-report/incompatibility-report.pb.go:139.14,141.3 1 0
github.com/googleapis/gnostic-grpc/incompatibility/incompatibility-report/incompatibility-report.pb.go:154.41,156.29 2 0
github.com/googleapis/gnostic-grpc/incompatibility/incompatibility-report/incompatibility-report.pb.go:156.29,160.3 3 0
github.com/googleapis/gnostic-grpc/incompatibility/incompatibility-report/incompatibility-report.pb.go:163.49,165.2 1 0
github.com/googleapis/gnostic-grpc/incompatibility/incompatibility-report/incompatibility-report.pb.go:167.47,167.48 0 0
github.com/googleapis/gnostic-grpc/incompatibility/incompatibility-report/incompatibility-report.pb.go:169.69,171.41 2 0
github.com/googleapis/gnostic-grpc/incompatibility/incompatibility-report/incompatibility-report.pb.go:178.2,178.24 1 0
github.com/googleapis/gnostic-grpc/incompatibility/incompatibility-report/incompatibility-report.pb.go:171.41,173.34 2 0
github.com/googleapis/gnostic-grpc/incompatibility/incompatibility-report/incompatibility-report.pb.go:176.3,176.12 1 0
github.com/googleapis/gnostic-grpc/incompatibility/incompatibility-report/incompatibility-report.pb.go:173.34,175.4 1 0
github.com/googleapis/gnostic-grpc/incompatibility/incompatibility-report/incompatibility-report.pb.go:182.60,184.2 1 0
github.com/googleapis/gnostic-grpc/incompatibility/incompatibility-report/incompatibility-report.pb.go:186.75,187.14 1 14
github.com/googleapis/gnostic-grpc/incompatibility/incompatibility-report/incompatibility-report.pb.go:190.2,190.12 1 0
github.com/googleapis/gnostic-grpc/incompatibility/incompatibility-report/incompatibility-report.pb.go:187.14,189.3 1 14
github.com/googleapis/gnostic-grpc/incompatibility/incompatibility-report/incompatibility-report.pb.go:209.46,211.29 2 0
github.com/googleapis/gnostic-grpc/incompatibility/incompatibility-report/incompatibility-report.pb.go:211.29,215.3 3 0
github.com/googleapis/gnostic-grpc/incompatibility/incompatibility-report/incompatibility-report.pb.go:218.54,220.2 1 0
github.com/googleapis/gnostic-grpc/incompatibility/incompatibility-report/incompatibility-report.pb.go:222.52,222.53 0 0
github.com/googleapis/gnostic-grpc/incompatibility/incompatibility-report/incompatibility-report.pb.go:224.74,226.41 2 0
github.com/googleapis/gnostic-grpc/incompatibility/incompatibility-report/incompatibility-report.pb.go:233.2,233.24 1 0
github.com/googleapis/gnostic-grpc/incompatibility/incompatibility-report/incompatibility-report.pb.go:226.41,228.34 2 0
github.com/googleapis/gnostic-grpc/incompatibility/incompatibility-report/incompatibility-report.pb.go:231.3,231.12 1 0
github.com/googleapis/gnostic-grpc/incompatibility/incompatibility-report/incompatibility-report.pb.go:228.34,230.4 1 0
github.com/googleapis/gnostic-grpc/incompatibility/incompatibility-report/incompatibility-report.pb.go:237.65,239.2 1 0
github.com/googleapis/gnostic-grpc/incompatibility/incompatibility-report/incompatibility-report.pb.go:241.54,242.14 1 0
github.com/googleapis/gnostic-grpc/incompatibility/incompatibility-report/incompatibility-report.pb.go:245.2,245.10 1 0
github.com/googleapis/gnostic-grpc/incompatibility/incompatibility-report/incompatibility-report.pb.go:242.14,244.3 1 0
github.com/googleapis/gnostic-grpc/incompatibility/incompatibility-report/incompatibility-report.pb.go:248.56,249.14 1 0
github.com/googleapis/gnostic-grpc/incompatibility/incompatibility-report/incompatibility-report.pb.go:252.2,252.10 1 0
github.com/googleapis/gnostic-grpc/incompatibility/incompatibility-report/incompatibility-report.pb.go:249.14,251.3 1 0
github.com/googleapis/gnostic-grpc/incompatibility/incompatibility-report/incompatibility-report.pb.go:255.62,256.14 1 0
github.com/googleapis/gnostic-grpc/incompatibility/incompatibility-report/incompatibility-report.pb.go:259.2,259.12 1 0
github.com/googleapis/gnostic-grpc/incompatibility/incompatibility-report/incompatibility-report.pb.go:256.14,258.3 1 0
github.com/googleapis/gnostic-grpc/incompatibility/incompatibility-report/incompatibility-report.pb.go:262.57,263.14 1 0
github.com/googleapis/gnostic-grpc/incompatibility/incompatibility-report/incompatibility-report.pb.go:266.2,266.12 1 0
github.com/googleapis/gnostic-grpc/incompatibility/incompatibility-report/incompatibility-report.pb.go:263.14,265.3 1 0
github.com/googleapis/gnostic-grpc/incompatibility/incompatibility-report/incompatibility-report.pb.go:269.61,270.14 1 0
github.com/googleapis/gnostic-grpc/incompatibility/incompatibility-report/incompatibility-report.pb.go:273.2,273.22 1 0
github.com/googleapis/gnostic-grpc/incompatibility/incompatibility-report/incompatibility-report.pb.go:270.14,272.3 1 0
github.com/googleapis/gnostic-grpc/incompatibility/incompatibility-report/incompatibility-report.pb.go:285.28,287.29 2 0
github.com/googleapis/gnostic-grpc/incompatibility/incompatibility-report/incompatibility-report.pb.go:287.29,291.3 3 0
github.com/googleapis/gnostic-grpc/incompatibility/incompatibility-report/incompatibility-report.pb.go:294.36,296.2 1 0
github.com/googleapis/gnostic-grpc/incompatibility/incompatibility-report/incompatibility-report.pb.go:298.34,298.35 0 0
github.com/googleapis/gnostic-grpc/incompatibility/incompatibility-report/incompatibility-report.pb.go:300.56,302.41 2 0
github.com/googleapis/gnostic-grpc/incompatibility/incompatibility-report/incompatibility-report.pb.go:309.2,309.24 1 0
github.com/googleapis/gnostic-grpc/incompatibility/incompatibility-report/incompatibility-report.pb.go:302.41,304.34 2 0
github.com/googleapis/gnostic-grpc/incompatibility/incompatibility-report/incompatibility-report.pb.go:307.3,307.12 1 0
github.com/googleapis/gnostic-grpc/incompatibility/incompatibility-report/incompatibility-report.pb.go:304.34,306.4 1 0
github.com/googleapis/gnostic-grpc/incompatibility/incompatibility-report/incompatibility-report.pb.go:313.47,315.2 1 0
github.com/googleapis/gnostic-grpc/incompatibility/incompatibility-report/incompatibility-report.pb.go:317.73,318.14 1 0
github.com/googleapis/gnostic-grpc/incompatibility/incompatibility-report/incompatibility-report.pb.go:321.2,321.12 1 0
github.com/googleapis/gnostic-grpc/incompatibility/incompatibility-report/incompatibility-report.pb.go:318.14,320.3 1 0
github.com/googleapis/gnostic-grpc/incompatibility/incompatibility-report/incompatibility-report.pb.go:333.43,335.29 2 0
github.com/googleapis/gnostic-grpc/incompatibility/incompatibility-report/incompatibility-report.pb.go:335.29,339.3 3 0
github.com/googleapis/gnostic-grpc/incompatibility/incompatibility-report/incompatibility-report.pb.go:342.51,344.2 1 0
github.com/googleapis/gnostic-grpc/incompatibility/incompatibility-report/incompatibility-report.pb.go:346.49,346.50 0 0
github.com/googleapis/gnostic-grpc/incompatibility/incompatibility-report/incompatibility-report.pb.go:348.71,350.41 2 0
github.com/googleapis/gnostic-grpc/incompatibility/incompatibility-report/incompatibility-report.pb.go:357.2,357.24 1 0
github.com/googleapis/gnostic-grpc/incompatibility/incompatibility-report/incompatibility-report.pb.go:350.41,352.34 2 0
github.com/googleapis/gnostic-grpc/incompatibility/incompatibility-report/incompatibility-report.pb.go:355.3,355.12 1 0
github.com/googleapis/gnostic-grpc/incompatibility/incompatibility-report/incompatibility-report.pb.go:352.34,354.4 1 0
github.com/googleapis/gnostic-grpc/incompatibility/incompatibility-report/incompatibility-report.pb.go:361.62,363.2 1 0
github.com/googleapis/gnostic-grpc/incompatibility/incompatibility-report/incompatibility-report.pb.go:365.71,366.14 1 0
github.com/googleapis/gnostic-grpc/incompatibility/incompatibility-report/incompatibility-report.pb.go:369.2,369.10 1 0
github.com/googleapis/gnostic-grpc/incompatibility/incompatibility-report/incompatibility-report.pb.go:366.14,368.3 1 0
github.com/googleapis/gnostic-grpc/incompatibility/incompatibility-report/incompatibility-report.pb.go:383.41,385.29 2 0
github.com/googleapis/gnostic-grpc/incompatibility/incompatibility-report/incompatibility-report.pb.go:385.29,389.3 3 0
github.com/googleapis/gnostic-grpc/incompatibility/incompatibility-report/incompatibility-report.pb.go:392.49,394.2 1 0
github.com/googleapis/gnostic-grpc/incompatibility/incompatibility-report/incompatibility-report.pb.go:396.47,396.48 0 0
github.com/googleapis/gnostic-grpc/incompatibility/incompatibility-report/incompatibility-report.pb.go:398.69,400.41 2 0
github.com/googleapis/gnostic-grpc/incompatibility/incompatibility-report/incompatibility-report.pb.go:407.2,407.24 1 0
github.com/googleapis/gnostic-grpc/incompatibility/incompatibility-report/incompatibility-report.pb.go:400.41,402.34 2 0
github.com/googleapis/gnostic-grpc/incompatibility/incompatibility-report/incompatibility-report.pb.go:405.3,405.12 1 0
github.com/googleapis/gnostic-grpc/incompatibility/incompatibility-report/incompatibility-report.pb.go:402.34,404.4 1 0
github.com/googleapis/gnostic-grpc/incompatibility/incompatibility-report/incompatibility-report.pb.go:411.60,413.2 1 0
github.com/googleapis/gnostic-grpc/incompatibility/incompatibility-report/incompatibility-report.pb.go:415.57,416.14 1 0
github.com/googleapis/gnostic-grpc/incompatibility/incompatibility-report/incompatibility-report.pb.go:419.2,419.10 1 0
github.com/googleapis/gnostic-grpc/incompatibility/incompatibility-report/incompatibility-report.pb.go:416.14,418.3 1 0
github.com/googleapis/gnostic-grpc/incompatibility/incompatibility-report/incompatibility-report.pb.go:422.62,423.14 1 0
github.com/googleapis/gnostic-grpc/incompatibility/incompatibility-report/incompatibility-report.pb.go:426.2,426.10 1 0
github.com/googleapis/gnostic-grpc/incompatibility/incompatibility-report/incompatibility-report.pb.go:423.14,425.3 1 0
github.com/googleapis/gnostic-grpc/incompatibility/incompatibility-report/incompatibility-report.pb.go:429.101,430.14 1 0
github.com/googleapis/gnostic-grpc/incompatibility/incompatibility-report/incompatibility-report.pb.go:433.2,433.12 1 0
github.com/googleapis/gnostic-grpc/incompatibility/incompatibility-report/incompatibility-report.pb.go:430.14,432.3 1 0
github.com/googleapis/gnostic-grpc/incompatibility/incompatibility-report/incompatibility-report.pb.go:516.100,517.97 1 0
github.com/googleapis/gnostic-grpc/incompatibility/incompatibility-report/incompatibility-report.pb.go:520.2,520.93 1 0
github.com/googleapis/gnostic-grpc/incompatibility/incompatibility-report/incompatibility-report.pb.go:517.97,519.3 1 0
github.com/googleapis/gnostic-grpc/incompatibility/incompatibility-report/incompatibility-report.pb.go:548.13,548.96 1 1
github.com/googleapis/gnostic-grpc/incompatibility/incompatibility-report/incompatibility-report.pb.go:549.86,550.85 1 1
github.com/googleapis/gnostic-grpc/incompatibility/incompatibility-report/incompatibility-report.pb.go:553.2,553.30 1 1
github.com/googleapis/gnostic-grpc/incompatibility/incompatibility-report/incompatibility-report.pb.go:627.2,645.88 6 1
github.com/googleapis/gnostic-grpc/incompatibility/incompatibility-report/incompatibility-report.pb.go:550.85,552.3 1 0
github.com/googleapis/gnostic-grpc/incompatibility/incompatibility-report/incompatibility-report.pb.go:553.30,554.138 1 0
github.com/googleapis/gnostic-grpc/incompatibility/incompatibility-report/incompatibility-report.pb.go:566.3,566.138 1 0
github.com/googleapis/gnostic-grpc/incompatibility/incompatibility-report/incompatibility-report.pb.go:578.3,578.138 1 0
github.com/googleapis/gnostic-grpc/incompatibility/incompatibility-report/incompatibility-report.pb.go:590.3,590.138 1 0
github.com/googleapis/gnostic-grpc/incompatibility/incompatibility-report/incompatibility-report.pb.go:602.3,602.138 1 0
github.com/googleapis/gnostic-grpc/incompatibility/incompatibility-report/incompatibility-report.pb.go:614.3,614.138 1 0
github.com/googleapis/gnostic-grpc/incompatibility/incompatibility-report/incompatibility-report.pb.go:554.138,555.40 1 0
github.com/googleapis/gnostic-grpc/incompatibility/incompatibility-report/incompatibility-report.pb.go:556.11,557.20 1 0
github.com/googleapis/gnostic-grpc/incompatibility/incompatibility-report/incompatibility-report.pb.go:558.11,559.24 1 0
github.com/googleapis/gnostic-grpc/incompatibility/incompatibility-report/incompatibility-report.pb.go:560.11,561.28 1 0
github.com/googleapis/gnostic-grpc/incompatibility/incompatibility-report/incompatibility-report.pb.go:562.12,563.15 1 0
github.com/googleapis/gnostic-grpc/incompatibility/incompatibility-report/incompatibility-report.pb.go:566.138,567.46 1 0
github.com/googleapis/gnostic-grpc/incompatibility/incompatibility-report/incompatibility-report.pb.go:568.11,569.20 1 0
github.com/googleapis/gnostic-grpc/incompatibility/incompatibility-report/incompatibility-report.pb.go:570.11,571.24 1 0
github.com/googleapis/gnostic-grpc/incompatibility/incompatibility-report/incompatibility-report.pb.go:572.11,573.28 1 0
github.com/googleapis/gnostic-grpc/incompatibility/incompatibility-report/incompatibility-report.pb.go:574.12,575.15 1 0
github.com/googleapis/gnostic-grpc/incompatibility/incompatibility-report/incompatibility-report.pb.go:578.138,579.51 1 0
github.com/googleapis/gnostic-grpc/incompatibility/incompatibility-report/incompatibility-report.pb.go:580.11,581.20 1 0
github.com/googleapis/gnostic-grpc/incompatibility/incompatibility-report/incompatibility-report.pb.go:582.11,583.24 1 0
github.com/googleapis/gnostic-grpc/incompatibility/incompatibility-report/incompatibility-report.pb.go:584.11,585.28 1 0
github.com/googleapis/gnostic-grpc/incompatibility/incompatibility-report/incompatibility-report.pb.go:586.12,587.15 1 0
github.com/googleapis/gnostic-grpc/incompatibility/incompatibility-report/incompatibility-report.pb.go:590.138,591.33 1 0
github.com/googleapis/gnostic-grpc/incompatibility/incompatibility-report/incompatibility-report.pb.go:592.11,593.20 1 0
github.com/googleapis/gnostic-grpc/incompatibility/incompatibility-report/incompatibility-report.pb.go:594.11,595.24 1 0
github.com/googleapis/gnostic-grpc/incompatibility/incompatibility-report/incompatibility-report.pb.go:596.11,597.28 1 0
github.com/googleapis/gnostic-grpc/incompatibility/incompatibility-report/incompatibility-report.pb.go:598.12,599.15 1 0
github.com/googleapis/gnostic-grpc/incompatibility/incompatibility-report/incompatibility-report.pb.go:602.138,603.48 1 0
github.com/googleapis/gnostic-grpc/incompatibility/incompatibility-report/incompatibility-report.pb.go:604.11,605.20 1 0
github.com/googleapis/gnostic-grpc/incompatibility/incompatibility-report/incompatibility-report.pb.go:606.11,607.24 1 0
github.com/googleapis/gnostic-grpc/incompatibility/incompatibility-report/incompatibility-report.pb.go:608.11,609.28 1 0
github.com/googleapis/gnostic-grpc/incompatibility/incompatibility-report/incompatibility-report.pb.go:610.12,611.15 1 0
github.com/googleapis/gnostic-grpc/incompatibility/incompatibility-report/incompatibility-report.pb.go:614.138,615.46 1 0
github.com/googleapis/gnostic-grpc/incompatibility/incompatibility-report/incompatibility-report.pb.go:616.11,617.20 1 0
github.com/googleapis/gnostic-grpc/incompatibility/incompatibility-report/incompatibility-report.pb.go:618.11,619.24 1 0
github.com/googleapis/gnostic-grpc/incompatibility/incompatibility-report/incompatibility-report.pb.go:620.11,621.28 1 0
github.com/googleapis/gnostic-grpc/incompatibility/incompatibility-report/incompatibility-report.pb.go:622.12,623.15 1 0
github.com/googleapis/gnostic-grpc/generator/linewriter.go:23.34,25.2 1 4
github.com/googleapis/gnostic-grpc/generator/linewriter.go:27.45,29.2 1 4
github.com/googleapis/gnostic-grpc/generator/main.go:30.50,36.43 5 0
github.com/googleapis/gnostic-grpc/generator/main.go:65.2,66.32 2 0
github.com/googleapis/gnostic-grpc/generator/main.go:36.43,37.24 1 0
github.com/googleapis/gnostic-grpc/generator/main.go:38.30,42.18 3 0
github.com/googleapis/gnostic-grpc/generator/main.go:46.27,49.18 3 0
github.com/googleapis/gnostic-grpc/generator/main.go:42.18,45.5 2 0
github.com/googleapis/gnostic-grpc/generator/main.go:49.18,62.5 6 0
github.com/googleapis/gnostic-grpc/generator/main.go:71.51,74.16 3 0
github.com/googleapis/gnostic-grpc/generator/main.go:78.2,78.16 1 0
github.com/googleapis/gnostic-grpc/generator/main.go:81.2,81.15 1 0
github.com/googleapis/gnostic-grpc/generator/main.go:74.16,77.3 2 0
github.com/googleapis/gnostic-grpc/generator/main.go:78.16,80.3 1 0
github.com/googleapis/gnostic-grpc/generator/main.go:84.71,86.6 2 0
github.com/googleapis/gnostic-grpc/generator/main.go:93.2,93.17 1 0
github.com/googleapis/gnostic-grpc/generator/main.go:86.6,88.22 2 0
github.com/googleapis/gnostic-grpc/generator/main.go:91.3,91.56 1 0
github.com/googleapis/gnostic-grpc/generator/main.go:88.22,89.9 1 0
github.com/googleapis/gnostic-grpc/generator/renderer.go:38.61,43.2 4 9
github.com/googleapis/gnostic-grpc/generator/renderer.go:46.91,49.16 2 0
github.com/googleapis/gnostic-grpc/generator/renderer.go:53.2,53.11 1 0
github.com/googleapis/gnostic-grpc/generator/renderer.go:62.2,63.16 2 0
github.com/googleapis/gnostic-grpc/generator/renderer.go:66.2,69.54 2 0
github.com/googleapis/gnostic-grpc/generator/renderer.go:77.2,77.12 1 0
github.com/googleapis/gnostic-grpc/generator/renderer.go:49.16,51.3 1 0
github.com/googleapis/gnostic-grpc/generator/renderer.go:53.11,55.17 2 0
github.com/googleapis/gnostic-grpc/generator/renderer.go:58.3,58.45 1 0
github.com/googleapis/gnostic-grpc/generator/renderer.go:55.17,57.4 1 0
github.com/googleapis/gnostic-grpc/generator/renderer.go:63.16,65.3 1 0
github.com/googleapis/gnostic-grpc/generator/renderer.go:69.54,71.17 2 0
github.com/googleapis/gnostic-grpc/generator/renderer.go:74.3,74.45 1 0
github.com/googleapis/gnostic-grpc/generator/renderer.go:71.17,73.4 1 0
github.com/googleapis/gnostic-grpc/generator/renderer.go:80.109,83.16 2 5
github.com/googleapis/gnostic-grpc/generator/renderer.go:88.2,90.16 3 4
github.com/googleapis/gnostic-grpc/generator/renderer.go:94.2,100.18 5 4
github.com/googleapis/gnostic-grpc/generator/renderer.go:83.16,85.3 1 1
github.com/googleapis/gnostic-grpc/generator/renderer.go:90.16,92.3 1 0
github.com/googleapis/gnostic-grpc/generator/renderer.go:103.69,105.16 2 0
github.com/googleapis/gnostic-grpc/generator/renderer.go:109.2,111.28 3 0
github.com/googleapis/gnostic-grpc/generator/renderer.go:105.16,107.3 1 0
github.com/googleapis/gnostic-grpc/generator/checker.go:30.64,32.2 1 4
github.com/googleapis/gnostic-grpc/generator/checker.go:35.48,38.2 2 4
github.com/googleapis/gnostic-grpc/generator/checker.go:41.48,43.27 2 4
github.com/googleapis/gnostic-grpc/generator/checker.go:48.2,49.18 2 4
github.com/googleapis/gnostic-grpc/generator/checker.go:43.27,47.3 3 0
github.com/googleapis/gnostic-grpc/generator/checker.go:53.43,58.27 4 4
github.com/googleapis/gnostic-grpc/generator/checker.go:64.2,64.56 1 4
github.com/googleapis/gnostic-grpc/generator/checker.go:71.2,71.62 1 4
github.com/googleapis/gnostic-grpc/generator/checker.go:78.2,78.65 1 4
github.com/googleapis/gnostic-grpc/generator/checker.go:85.2,85.74 1 4
github.com/googleapis/gnostic-grpc/generator/checker.go:58.27,62.3 3 0
github.com/googleapis/gnostic-grpc/generator/checker.go:64.56,65.53 1 3
github.com/googleapis/gnostic-grpc/generator/checker.go:65.53,68.4 2 4
github.com/googleapis/gnostic-grpc/generator/checker.go:71.62,72.55 1 1
github.com/googleapis/gnostic-grpc/generator/checker.go:72.55,75.4 2 1
github.com/googleapis/gnostic-grpc/generator/checker.go:78.65,79.56 1 1
github.com/googleapis/gnostic-grpc/generator/checker.go:79.56,82.4 2 2
github.com/googleapis/gnostic-grpc/generator/checker.go:85.74,86.59 1 1
github.com/googleapis/gnostic-grpc/generator/checker.go:86.59,89.4 2 1
github.com/googleapis/gnostic-grpc/generator/checker.go:94.38,96.49 2 4
github.com/googleapis/gnostic-grpc/generator/checker.go:96.49,98.3 1 18
github.com/googleapis/gnostic-grpc/generator/checker.go:102.91,107.27 4 18
github.com/googleapis/gnostic-grpc/generator/checker.go:113.2,114.34 2 18
github.com/googleapis/gnostic-grpc/generator/checker.go:107.27,111.3 3 0
github.com/googleapis/gnostic-grpc/generator/checker.go:114.34,117.3 2 18
github.com/googleapis/gnostic-grpc/generator/checker.go:121.93,125.37 3 18
github.com/googleapis/gnostic-grpc/generator/checker.go:131.2,131.27 1 18
github.com/googleapis/gnostic-grpc/generator/checker.go:137.2,137.45 1 18
github.com/googleapis/gnostic-grpc/generator/checker.go:142.2,142.72 1 18
github.com/googleapis/gnostic-grpc/generator/checker.go:147.2,147.76 1 18
github.com/googleapis/gnostic-grpc/generator/checker.go:153.2,155.35 3 18
github.com/googleapis/gnostic-grpc/generator/checker.go:125.37,129.3 3 0
github.com/googleapis/gnostic-grpc/generator/checker.go:131.27,135.3 3 0
github.com/googleapis/gnostic-grpc/generator/checker.go:137.45,140.3 2 8
github.com/googleapis/gnostic-grpc/generator/checker.go:142.72,145.3 2 19
github.com/googleapis/gnostic-grpc/generator/checker.go:147.76,151.3 3 0
github.com/googleapis/gnostic-grpc/generator/checker.go:160.105,163.62 2 10
github.com/googleapis/gnostic-grpc/generator/checker.go:163.62,165.28 2 8
github.com/googleapis/gnostic-grpc/generator/checker.go:171.3,172.59 2 8
github.com/googleapis/gnostic-grpc/generator/checker.go:165.28,169.4 3 1
github.com/googleapis/gnostic-grpc/generator/checker.go:177.102,180.59 2 20
github.com/googleapis/gnostic-grpc/generator/checker.go:180.59,182.28 2 18
github.com/googleapis/gnostic-grpc/generator/checker.go:187.3,187.50 1 18
github.com/googleapis/gnostic-grpc/generator/checker.go:182.28,186.4 3 0
github.com/googleapis/gnostic-grpc/generator/checker.go:187.50,188.54 1 8
github.com/googleapis/gnostic-grpc/generator/checker.go:188.54,191.5 2 9
github.com/googleapis/gnostic-grpc/generator/checker.go:197.108,200.68 2 19
github.com/googleapis/gnostic-grpc/generator/checker.go:200.68,201.27 1 2
github.com/googleapis/gnostic-grpc/generator/checker.go:206.3,206.65 1 2
github.com/googleapis/gnostic-grpc/generator/checker.go:201.27,205.4 3 1
github.com/googleapis/gnostic-grpc/generator/checker.go:206.65,209.4 2 2
github.com/googleapis/gnostic-grpc/generator/checker.go:214.91,219.27 4 11
github.com/googleapis/gnostic-grpc/generator/checker.go:225.2,225.29 1 11
github.com/googleapis/gnostic-grpc/generator/checker.go:219.27,223.3 3 0
github.com/googleapis/gnostic-grpc/generator/checker.go:225.29,228.3 2 11
github.com/googleapis/gnostic-grpc/generator/checker.go:232.125,235.60 2 48
github.com/googleapis/gnostic-grpc/generator/checker.go:235.60,237.28 2 40
github.com/googleapis/gnostic-grpc/generator/checker.go:243.3,243.39 1 40
github.com/googleapis/gnostic-grpc/generator/checker.go:250.3,250.87 1 40
github.com/googleapis/gnostic-grpc/generator/checker.go:260.3,260.42 1 40
github.com/googleapis/gnostic-grpc/generator/checker.go:267.3,267.57 1 40
github.com/googleapis/gnostic-grpc/generator/checker.go:274.3,274.87 1 40
github.com/googleapis/gnostic-grpc/generator/checker.go:237.28,241.4 3 12
github.com/googleapis/gnostic-grpc/generator/checker.go:243.39,247.4 3 2
github.com/googleapis/gnostic-grpc/generator/checker.go:250.87,251.88 1 3
github.com/googleapis/gnostic-grpc/generator/checker.go:251.88,252.31 1 2
github.com/googleapis/gnostic-grpc/generator/checker.go:252.31,256.6 3 1
github.com/googleapis/gnostic-grpc/generator/checker.go:260.42,261.56 1 5
github.com/googleapis/gnostic-grpc/generator/checker.go:261.56,264.5 2 5
github.com/googleapis/gnostic-grpc/generator/checker.go:267.57,268.57 1 4
github.com/googleapis/gnostic-grpc/generator/checker.go:268.57,271.5 2 17
github.com/googleapis/gnostic-grpc/generator/checker.go:274.87,277.4 2 3
github.com/googleapis/gnostic-grpc/generator/checker.go:282.84,289.2 1 17
github.com/googleapis/gnostic-grpc/generator/checker.go:292.87,299.2 1 0
github.com/googleapis/gnostic-grpc/generator/checker.go:302.116,305.21 3 18
github.com/googleapis/gnostic-grpc/generator/checker.go:309.2,309.25 1 18
github.com/googleapis/gnostic-grpc/generator/checker.go:313.2,313.25 1 18
github.com/googleapis/gnostic-grpc/generator/checker.go:317.2,317.26 1 18
github.com/googleapis/gnostic-grpc/generator/checker.go:321.2,321.28 1 18
github.com/googleapis/gnostic-grpc/generator/checker.go:325.2,325.27 1 18
github.com/googleapis/gnostic-grpc/generator/checker.go:329.2,329.35 1 18
github.com/googleapis/gnostic-grpc/generator/checker.go:305.21,307.3 1 0
github.com/googleapis/gnostic-grpc/generator/checker.go:309.25,312.3 2 18
github.com/googleapis/gnostic-grpc/generator/checker.go:313.25,316.3 2 0
github.com/googleapis/gnostic-grpc/generator/checker.go:317.26,320.3 2 0
github.com/googleapis/gnostic-grpc/generator/checker.go:321.28,324.3 2 0
github.com/googleapis/gnostic-grpc/generator/checker.go:325.27,328.3 2 0
github.com/googleapis/gnostic-grpc/generator/checker.go:333.82,335.21 2 4
github.com/googleapis/gnostic-grpc/generator/checker.go:339.2,339.29 1 4
github.com/googleapis/gnostic-grpc/generator/checker.go:342.2,342.30 1 4
github.com/googleapis/gnostic-grpc/generator/checker.go:345.2,345.26 1 4
github.com/googleapis/gnostic-grpc/generator/checker.go:348.2,348.34 1 4
github.com/googleapis/gnostic-grpc/generator/checker.go:351.2,351.15 1 4
github.com/googleapis/gnostic-grpc/generator/checker.go:335.21,337.3 1 0
github.com/googleapis/gnostic-grpc/generator/checker.go:339.29,341.3 1 0
github.com/googleapis/gnostic-grpc/generator/checker.go:342.30,344.3 1 0
github.com/googleapis/gnostic-grpc/generator/checker.go:345.26,347.3 1 0
github.com/googleapis/gnostic-grpc/generator/checker.go:348.34,350.3 1 0
github.com/googleapis/gnostic-grpc/generator/checker.go:355.78,357.22 2 8
github.com/googleapis/gnostic-grpc/generator/checker.go:360.2,360.24 1 8
github.com/googleapis/gnostic-grpc/generator/checker.go:363.2,363.26 1 8
github.com/googleapis/gnostic-grpc/generator/checker.go:366.2,366.31 1 8
github.com/googleapis/gnostic-grpc/generator/checker.go:369.2,369.27 1 8
github.com/googleapis/gnostic-grpc/generator/checker.go:372.2,372.23 1 8
github.com/googleapis/gnostic-grpc/generator/checker.go:375.2,375.29 1 8
github.com/googleapis/gnostic-grpc/generator/checker.go:378.2,378.30 1 8
github.com/googleapis/gnostic-grpc/generator/checker.go:381.2,381.31 1 8
github.com/googleapis/gnostic-grpc/generator/checker.go:384.2,384.30 1 8
github.com/googleapis/gnostic-grpc/generator/checker.go:388.2,388.15 1 8
github.com/googleapis/gnostic-grpc/generator/checker.go:357.22,359.3 1 0
github.com/googleapis/gnostic-grpc/generator/checker.go:360.24,362.3 1 0
github.com/googleapis/gnostic-grpc/generator/checker.go:363.26,365.3 1 0
github.com/googleapis/gnostic-grpc/generator/checker.go:366.31,368.3 1 0
github.com/googleapis/gnostic-grpc/generator/checker.go:369.27,371.3 1 0
github.com/googleapis/gnostic-grpc/generator/checker.go:372.23,374.3 1 1
github.com/googleapis/gnostic-grpc/generator/checker.go:375.29,377.3 1 0
github.com/googleapis/gnostic-grpc/generator/checker.go:378.30,380.3 1 0
github.com/googleapis/gnostic-grpc/generator/checker.go:381.31,383.3 1 0
github.com/googleapis/gnostic-grpc/generator/checker.go:384.30,386.3 1 0
github.com/googleapis/gnostic-grpc/generator/checker.go:392.69,394.19 2 40
github.com/googleapis/gnostic-grpc/generator/checker.go:397.2,397.21 1 40
github.com/googleapis/gnostic-grpc/generator/checker.go:400.2,400.33 1 40
github.com/googleapis/gnostic-grpc/generator/checker.go:403.2,403.21 1 40
github.com/googleapis/gnostic-grpc/generator/checker.go:406.2,406.22 1 40
github.com/googleapis/gnostic-grpc/generator/checker.go:409.2,409.23 1 40
github.com/googleapis/gnostic-grpc/generator/checker.go:412.2,412.32 1 40
github.com/googleapis/gnostic-grpc/generator/checker.go:415.2,415.27 1 40
github.com/googleapis/gnostic-grpc/generator/checker.go:418.2,418.23 1 40
github.com/googleapis/gnostic-grpc/generator/checker.go:421.2,421.24 1 40
github.com/googleapis/gnostic-grpc/generator/checker.go:424.2,424.28 1 40
github.com/googleapis/gnostic-grpc/generator/checker.go:427.2,427.25 1 40
github.com/googleapis/gnostic-grpc/generator/checker.go:430.2,430.29 1 40
github.com/googleapis/gnostic-grpc/generator/checker.go:433.2,433.25 1 40
github.com/googleapis/gnostic-grpc/generator/checker.go:436.2,436.29 1 40
github.com/googleapis/gnostic-grpc/generator/checker.go:439.2,439.27 1 40
github.com/googleapis/gnostic-grpc/generator/checker.go:442.2,442.27 1 40
github.com/googleapis/gnostic-grpc/generator/checker.go:445.2,445.26 1 40
github.com/googleapis/gnostic-grpc/generator/checker.go:448.2,448.26 1 40
github.com/googleapis/gnostic-grpc/generator/checker.go:451.2,451.26 1 40
github.com/googleapis/gnostic-grpc/generator/checker.go:454.2,454.24 1 40
github.com/googleapis/gnostic-grpc/generator/checker.go:457.2,457.31 1 40
github.com/googleapis/gnostic-grpc/generator/checker.go:460.2,460.31 1 40
github.com/googleapis/gnostic-grpc/generator/checker.go:463.2,463.28 1 40
github.com/googleapis/gnostic-grpc/generator/checker.go:466.2,466.25 1 40
github.com/googleapis/gnostic-grpc/generator/checker.go:469.2,469.25 1 40
github.com/googleapis/gnostic-grpc/generator/checker.go:473.2,473.25 1 40
github.com/googleapis/gnostic-grpc/generator/checker.go:476.2,476.23 1 40
github.com/googleapis/gnostic-grpc/generator/checker.go:479.2,479.27 1 40
github.com/googleapis/gnostic-grpc/generator/checker.go:482.2,482.15 1 40
github.com/googleapis/gnostic-grpc/generator/checker.go:394.19,396.3 1 0
github.com/googleapis/gnostic-grpc/generator/checker.go:397.21,399.3 1 0
github.com/googleapis/gnostic-grpc/generator/checker.go:400.33,402.3 1 0
github.com/googleapis/gnostic-grpc/generator/checker.go:403.21,405.3 1 0
github.com/googleapis/gnostic-grpc/generator/checker.go:406.22,408.3 1 0
github.com/googleapis/gnostic-grpc/generator/checker.go:409.23,411.3 1 3
github.com/googleapis/gnostic-grpc/generator/checker.go:412.32,414.3 1 0
github.com/googleapis/gnostic-grpc/generator/checker.go:415.27,417.3 1 3
github.com/googleapis/gnostic-grpc/generator/checker.go:418.23,420.3 1 0
github.com/googleapis/gnostic-grpc/generator/checker.go:421.24,423.3 1 0
github.com/googleapis/gnostic-grpc/generator/checker.go:424.28,426.3 1 0
github.com/googleapis/gnostic-grpc/generator/checker.go:427.25,429.3 1 0
github.com/googleapis/gnostic-grpc/generator/checker.go:430.29,432.3 1 0
github.com/googleapis/gnostic-grpc/generator/checker.go:433.25,435.3 1 0
github.com/googleapis/gnostic-grpc/generator/checker.go:436.29,438.3 1 0
github.com/googleapis/gnostic-grpc/generator/checker.go:439.27,441.3 1 0
github.com/googleapis/gnostic-grpc/generator/checker.go:442.27,444.3 1 0
github.com/googleapis/gnostic-grpc/generator/checker.go:445.26,447.3 1 0
github.com/googleapis/gnostic-grpc/generator/checker.go:448.26,450.3 1 0
github.com/googleapis/gnostic-grpc/generator/checker.go:451.26,453.3 1 0
github.com/googleapis/gnostic-grpc/generator/checker.go:454.24,456.3 1 0
github.com/googleapis/gnostic-grpc/generator/checker.go:457.31,459.3 1 0
github.com/googleapis/gnostic-grpc/generator/checker.go:460.31,462.3 1 0
github.com/googleapis/gnostic-grpc/generator/checker.go:463.28,465.3 1 4
github.com/googleapis/gnostic-grpc/generator/checker.go:466.25,468.3 1 0
github.com/googleapis/gnostic-grpc/generator/checker.go:469.25,471.3 1 0
github.com/googleapis/gnostic-grpc/generator/checker.go:473.25,475.3 1 0
github.com/googleapis/gnostic-grpc/generator/checker.go:476.23,478.3 1 0
github.com/googleapis/gnostic-grpc/generator/checker.go:479.27,481.3 1 2
github.com/googleapis/gnostic-grpc/generator/checker.go:486.78,488.22 2 11
github.com/googleapis/gnostic-grpc/generator/checker.go:491.2,491.31 1 11
github.com/googleapis/gnostic-grpc/generator/checker.go:494.2,494.30 1 11
github.com/googleapis/gnostic-grpc/generator/checker.go:497.2,497.31 1 11
github.com/googleapis/gnostic-grpc/generator/checker.go:500.2,500.15 1 11
github.com/googleapis/gnostic-grpc/generator/checker.go:488.22,490.3 1 0
github.com/googleapis/gnostic-grpc/generator/checker.go:491.31,493.3 1 0
github.com/googleapis/gnostic-grpc/generator/checker.go:494.30,496.3 1 0
github.com/googleapis/gnostic-grpc/generator/checker.go:497.31,499.3 1 0
github.com/googleapis/gnostic-grpc/generator/checker.go:504.78,506.22 2 18
github.com/googleapis/gnostic-grpc/generator/checker.go:509.2,509.27 1 18
github.com/googleapis/gnostic-grpc/generator/checker.go:512.2,512.35 1 18
github.com/googleapis/gnostic-grpc/generator/checker.go:515.2,515.32 1 18
github.com/googleapis/gnostic-grpc/generator/checker.go:518.2,518.26 1 18
github.com/googleapis/gnostic-grpc/generator/checker.go:521.2,521.31 1 18
github.com/googleapis/gnostic-grpc/generator/checker.go:524.2,524.30 1 18
github.com/googleapis/gnostic-grpc/generator/checker.go:527.2,527.15 1 18
github.com/googleapis/gnostic-grpc/generator/checker.go:506.22,508.3 1 0
github.com/googleapis/gnostic-grpc/generator/checker.go:509.27,511.3 1 0
github.com/googleapis/gnostic-grpc/generator/checker.go:512.35,514.3 1 0
github.com/googleapis/gnostic-grpc/generator/checker.go:515.32,517.3 1 0
github.com/googleapis/gnostic-grpc/generator/checker.go:518.26,520.3 1 0
github.com/googleapis/gnostic-grpc/generator/checker.go:521.31,523.3 1 0
github.com/googleapis/gnostic-grpc/generator/checker.go:524.30,526.3 1 0
github.com/googleapis/gnostic-grpc/generator/checker.go:531.75,533.21 2 18
github.com/googleapis/gnostic-grpc/generator/checker.go:536.2,536.27 1 18
github.com/googleapis/gnostic-grpc/generator/checker.go:539.2,539.29 1 18
github.com/googleapis/gnostic-grpc/generator/checker.go:542.2,542.15 1 18
github.com/googleapis/gnostic-grpc/generator/checker.go:533.21,535.3 1 0
github.com/googleapis/gnostic-grpc/generator/checker.go:536.27,538.3 1 0
github.com/googleapis/gnostic-grpc/generator/checker.go:539.29,541.3 1 0
github.com/googleapis/gnostic-grpc/generator/checker.go:546.75,548.21 2 18
github.com/googleapis/gnostic-grpc/generator/checker.go:551.2,551.26 1 18
github.com/googleapis/gnostic-grpc/generator/checker.go:554.2,554.29 1 18
github.com/googleapis/gnostic-grpc/generator/checker.go:557.2,557.27 1 18
github.com/googleapis/gnostic-grpc/generator/checker.go:560.2,560.29 1 18
github.com/googleapis/gnostic-grpc/generator/checker.go:563.2,563.32 1 18
github.com/googleapis/gnostic-grpc/generator/checker.go:566.2,566.15 1 18
github.com/googleapis/gnostic-grpc/generator/checker.go:548.21,550.3 1 0
github.com/googleapis/gnostic-grpc/generator/checker.go:551.26,553.3 1 0
github.com/googleapis/gnostic-grpc/generator/checker.go:554.29,556.3 1 0
github.com/googleapis/gnostic-grpc/generator/checker.go:557.27,559.3 1 0
github.com/googleapis/gnostic-grpc/generator/checker.go:560.29,562.3 1 0
github.com/googleapis/gnostic-grpc/generator/checker.go:563.32,565.3 1 0
github.com/googleapis/gnostic-grpc/generator/checker.go:570.81,572.23 2 4
github.com/googleapis/gnostic-grpc/generator/checker.go:576.2,576.32 1 4
github.com/googleapis/gnostic-grpc/generator/checker.go:579.2,579.31 1 4
github.com/googleapis/gnostic-grpc/generator/checker.go:582.2,582.39 1 4
github.com/googleapis/gnostic-grpc/generator/checker.go:585.2,585.29 1 4
github.com/googleapis/gnostic-grpc/generator/checker.go:588.2,588.33 1 4
github.com/googleapis/gnostic-grpc/generator/checker.go:591.2,591.15 1 4
github.com/googleapis/gnostic-grpc/generator/checker.go:572.23,574.3 1 0
github.com/googleapis/gnostic-grpc/generator/checker.go:576.32,578.3 1 0
github.com/googleapis/gnostic-grpc/generator/checker.go:579.31,581.3 1 0
github.com/googleapis/gnostic-grpc/generator/checker.go:582.39,584.3 1 0
github.com/googleapis/gnostic-grpc/generator/checker.go:585.29,587.3 1 0
github.com/googleapis/gnostic-grpc/generator/checker.go:588.33,590.3 1 0
github.com/googleapis/gnostic-grpc/generator/checker.go:595.38,599.2 3 17
github.com/googleapis/gnostic-grpc/generator/generator.go:54.101,65.16 5 9
github.com/googleapis/gnostic-grpc/generator/generator.go:68.2,71.16 3 9
github.com/googleapis/gnostic-grpc/generator/generator.go:74.2,77.16 3 9
github.com/googleapis/gnostic-grpc/generator/generator.go:80.2,83.16 3 9
github.com/googleapis/gnostic-grpc/generator/generator.go:86.2,97.19 8 9
github.com/googleapis/gnostic-grpc/generator/generator.go:65.16,67.3 1 0
github.com/googleapis/gnostic-grpc/generator/generator.go:71.16,73.3 1 0
github.com/googleapis/gnostic-grpc/generator/generator.go:77.16,79.3 1 0
github.com/googleapis/gnostic-grpc/generator/generator.go:83.16,85.3 1 0
github.com/googleapis/gnostic-grpc/generator/generator.go:102.108,103.51 1 9
github.com/googleapis/gnostic-grpc/generator/generator.go:122.2,122.32 1 9
github.com/googleapis/gnostic-grpc/generator/generator.go:103.51,107.51 3 31
github.com/googleapis/gnostic-grpc/generator/generator.go:119.3,120.76 2 31
github.com/googleapis/gnostic-grpc/generator/generator.go:107.51,108.66 1 52
github.com/googleapis/gnostic-grpc/generator/generator.go:112.4,112.39 1 51
github.com/googleapis/gnostic-grpc/generator/generator.go:116.4,117.55 2 51
github.com/googleapis/gnostic-grpc/generator/generator.go:108.66,110.13 1 1
github.com/googleapis/gnostic-grpc/generator/generator.go:112.39,114.5 1 17
github.com/googleapis/gnostic-grpc/generator/generator.go:125.116,135.2 7 51
github.com/googleapis/gnostic-grpc/generator/generator.go:137.128,138.40 1 51
github.com/googleapis/gnostic-grpc/generator/generator.go:138.40,143.3 3 2
github.com/googleapis/gnostic-grpc/generator/generator.go:146.86,147.25 1 51
github.com/googleapis/gnostic-grpc/generator/generator.go:147.25,149.3 1 4
github.com/googleapis/gnostic-grpc/generator/generator.go:152.56,153.48 1 17
github.com/googleapis/gnostic-grpc/generator/generator.go:157.2,157.49 1 17
github.com/googleapis/gnostic-grpc/generator/generator.go:153.48,155.3 1 8
github.com/googleapis/gnostic-grpc/generator/generator.go:157.49,159.3 1 6
github.com/googleapis/gnostic-grpc/generator/generator.go:164.100,166.58 2 53
github.com/googleapis/gnostic-grpc/generator/generator.go:169.2,169.23 1 13
github.com/googleapis/gnostic-grpc/generator/generator.go:173.2,173.19 1 9
github.com/googleapis/gnostic-grpc/generator/generator.go:166.58,168.3 1 40
github.com/googleapis/gnostic-grpc/generator/generator.go:169.23,172.3 2 4
github.com/googleapis/gnostic-grpc/generator/generator.go:177.83,179.83 2 51
github.com/googleapis/gnostic-grpc/generator/generator.go:182.2,182.15 1 51
github.com/googleapis/gnostic-grpc/generator/generator.go:179.83,181.3 1 8
github.com/googleapis/gnostic-grpc/generator/generator.go:188.146,190.54 1 51
github.com/googleapis/gnostic-grpc/generator/generator.go:194.2,195.66 2 45
github.com/googleapis/gnostic-grpc/generator/generator.go:198.2,198.63 1 45
github.com/googleapis/gnostic-grpc/generator/generator.go:201.2,201.18 1 45
github.com/googleapis/gnostic-grpc/generator/generator.go:190.54,192.3 1 6
github.com/googleapis/gnostic-grpc/generator/generator.go:195.66,197.3 1 2
github.com/googleapis/gnostic-grpc/generator/generator.go:198.63,200.3 1 4
github.com/googleapis/gnostic-grpc/generator/generator.go:206.71,216.2 4 2
github.com/googleapis/gnostic-grpc/generator/generator.go:219.79,240.2 8 2
github.com/googleapis/gnostic-grpc/generator/generator.go:243.77,245.43 2 4
github.com/googleapis/gnostic-grpc/generator/generator.go:254.2,254.23 1 4
github.com/googleapis/gnostic-grpc/generator/generator.go:245.43,253.3 4 10
github.com/googleapis/gnostic-grpc/generator/generator.go:259.138,262.16 3 9
github.com/googleapis/gnostic-grpc/generator/generator.go:265.2,270.22 3 9
github.com/googleapis/gnostic-grpc/generator/generator.go:262.16,264.3 1 0
github.com/googleapis/gnostic-grpc/generator/generator.go:273.151,274.33 1 9
github.com/googleapis/gnostic-grpc/generator/generator.go:281.2,281.34 1 9
github.com/googleapis/gnostic-grpc/generator/generator.go:274.33,276.17 2 32
github.com/googleapis/gnostic-grpc/generator/generator.go:279.3,279.72 1 32
github.com/googleapis/gnostic-grpc/generator/generator.go:276.17,278.4 1 0
github.com/googleapis/gnostic-grpc/generator/generator.go:284.138,286.16 2 32
github.com/googleapis/gnostic-grpc/generator/generator.go:289.2,296.30 3 32
github.com/googleapis/gnostic-grpc/generator/generator.go:286.16,288.3 1 0
github.com/googleapis/gnostic-grpc/generator/generator.go:299.124,302.30 3 32
github.com/googleapis/gnostic-grpc/generator/generator.go:305.2,305.28 1 32
github.com/googleapis/gnostic-grpc/generator/generator.go:308.2,308.30 1 32
github.com/googleapis/gnostic-grpc/generator/generator.go:302.30,304.3 1 17
github.com/googleapis/gnostic-grpc/generator/generator.go:305.28,307.3 1 21
github.com/googleapis/gnostic-grpc/generator/generator.go:311.118,315.83 4 32
github.com/googleapis/gnostic-grpc/generator/generator.go:318.2,318.21 1 32
github.com/googleapis/gnostic-grpc/generator/generator.go:315.83,317.3 1 0
github.com/googleapis/gnostic-grpc/generator/generator.go:323.75,325.23 2 32
github.com/googleapis/gnostic-grpc/generator/generator.go:357.2,357.17 1 32
github.com/googleapis/gnostic-grpc/generator/generator.go:326.13,331.4 1 32
github.com/googleapis/gnostic-grpc/generator/generator.go:332.14,337.4 1 0
github.com/googleapis/gnostic-grpc/generator/generator.go:338.13,343.4 1 0
github.com/googleapis/gnostic-grpc/generator/generator.go:344.15,349.4 1 0
github.com/googleapis/gnostic-grpc/generator/generator.go:350.16,355.4 1 0
github.com/googleapis/gnostic-grpc/generator/generator.go:362.86,365.26 2 32
github.com/googleapis/gnostic-grpc/generator/generator.go:371.2,371.48 1 32
github.com/googleapis/gnostic-grpc/generator/generator.go:376.2,376.11 1 29
github.com/googleapis/gnostic-grpc/generator/generator.go:365.26,366.25 1 150
github.com/googleapis/gnostic-grpc/generator/generator.go:366.25,368.4 1 15
github.com/googleapis/gnostic-grpc/generator/generator.go:371.48,372.45 1 17
github.com/googleapis/gnostic-grpc/generator/generator.go:372.45,374.4 1 3
github.com/googleapis/gnostic-grpc/generator/generator.go:381.100,383.38 2 9
github.com/googleapis/gnostic-grpc/generator/generator.go:390.2,393.28 2 9
github.com/googleapis/gnostic-grpc/generator/generator.go:383.38,389.3 2 31
github.com/googleapis/gnostic-grpc/generator/generator.go:398.114,402.41 3 9
github.com/googleapis/gnostic-grpc/generator/generator.go:446.2,446.37 1 9
github.com/googleapis/gnostic-grpc/generator/generator.go:402.41,403.81 1 7
github.com/googleapis/gnostic-grpc/generator/generator.go:403.81,409.18 4 4
github.com/googleapis/gnostic-grpc/generator/generator.go:414.4,415.18 2 4
github.com/googleapis/gnostic-grpc/generator/generator.go:420.4,421.18 2 4
github.com/googleapis/gnostic-grpc/generator/generator.go:426.4,427.35 2 4
github.com/googleapis/gnostic-grpc/generator/generator.go:430.4,437.18 6 4
github.com/googleapis/gnostic-grpc/generator/generator.go:440.4,443.76 3 4
github.com/googleapis/gnostic-grpc/generator/generator.go:409.18,411.5 1 0
github.com/googleapis/gnostic-grpc/generator/generator.go:415.18,417.5 1 0
github.com/googleapis/gnostic-grpc/generator/generator.go:421.18,423.5 1 0
github.com/googleapis/gnostic-grpc/generator/generator.go:427.35,429.5 1 0
github.com/googleapis/gnostic-grpc/generator/generator.go:437.18,439.5 1 0
github.com/googleapis/gnostic-grpc/generator/generator.go:454.68,491.2 18 9
github.com/googleapis/gnostic-grpc/generator/generator.go:495.135,497.34 1 9
github.com/googleapis/gnostic-grpc/generator/generator.go:506.2,507.14 2 9
github.com/googleapis/gnostic-grpc/generator/generator.go:497.34,498.71 1 31
github.com/googleapis/gnostic-grpc/generator/generator.go:503.3,503.34 1 22
github.com/googleapis/gnostic-grpc/generator/generator.go:498.71,501.12 2 9
github.com/googleapis/gnostic-grpc/generator/generator.go:512.53,513.47 1 8
github.com/googleapis/gnostic-grpc/generator/generator.go:513.47,518.3 1 0
github.com/googleapis/gnostic-grpc/generator/generator.go:523.54,527.51 2 6
github.com/googleapis/gnostic-grpc/generator/generator.go:527.51,532.3 1 2
github.com/googleapis/gnostic-grpc/generator/generator.go:537.42,539.2 1 31
github.com/googleapis/gnostic-grpc/generator/generator.go:542.66,543.33 1 9
github.com/googleapis/gnostic-grpc/generator/generator.go:548.2,548.14 1 0
github.com/googleapis/gnostic-grpc/generator/generator.go:543.33,544.72 1 9
github.com/googleapis/gnostic-grpc/generator/generator.go:544.72,546.4 1 9
github.com/googleapis/gnostic-grpc/generator/generator.go:552.59,553.91 1 51
github.com/googleapis/gnostic-grpc/generator/generator.go:556.2,556.14 1 34
github.com/googleapis/gnostic-grpc/generator/generator.go:553.91,555.3 1 17
github.com/googleapis/gnostic-grpc/generator/generator.go:561.59,562.49 1 2
github.com/googleapis/gnostic-grpc/generator/generator.go:565.2,566.18 2 1
github.com/googleapis/gnostic-grpc/generator/generator.go:562.49,564.3 1 1
github.com/googleapis/gnostic-grpc/generator/generator.go:570.54,572.27 2 9
github.com/googleapis/gnostic-grpc/generator/generator.go:578.2,578.15 1 9
github.com/googleapis/gnostic-grpc/generator/generator.go:572.27,574.37 2 12
github.com/googleapis/gnostic-grpc/generator/generator.go:574.37,576.4 1 7
github.com/googleapis/gnostic-grpc/generator/generator.go:582.46,583.24 1 12
github.com/googleapis/gnostic-grpc/generator/generator.go:588.2,588.14 1 7
github.com/googleapis/gnostic-grpc/generator/generator.go:583.24,584.14 1 7
github.com/googleapis/gnostic-grpc/generator/generator.go:584.14,586.4 1 5
github.com/googleapis/gnostic-grpc/generator/generator.go:592.74,594.2 1 4
github.com/googleapis/gnostic-grpc/generator/generator.go:598.66,617.2 17 1
github.com/googleapis/gnostic-grpc/generator/generator.go:621.87,624.29 2 9
github.com/googleapis/gnostic-grpc/generator/generator.go:628.2,630.6 3 9
github.com/googleapis/gnostic-grpc/generator/generator.go:624.29,626.3 1 31
github.com/googleapis/gnostic-grpc/generator/generator.go:630.6,631.83 1 9
github.com/googleapis/gnostic-grpc/generator/generator.go:634.3,635.14 2 0
github.com/googleapis/gnostic-grpc/generator/generator.go:638.3,638.11 1 0
github.com/googleapis/gnostic-grpc/generator/generator.go:631.83,633.4 1 9
github.com/googleapis/gnostic-grpc/generator/generator.go:635.14,637.4 1 0
github.com/googleapis/gnostic-grpc/generator/language.go:26.50,28.2 1 9
github.com/googleapis/gnostic-grpc/generator/language.go:31.96,32.32 1 9
github.com/googleapis/gnostic-grpc/generator/language.go:46.2,46.34 1 9
github.com/googleapis/gnostic-grpc/generator/language.go:54.2,54.46 1 9
github.com/googleapis/gnostic-grpc/generator/language.go:32.32,36.30 2 62
github.com/googleapis/gnostic-grpc/generator/language.go:36.30,40.27 3 85
github.com/googleapis/gnostic-grpc/generator/language.go:40.27,42.5 1 4
github.com/googleapis/gnostic-grpc/generator/language.go:46.34,52.3 5 32
github.com/googleapis/gnostic-grpc/generator/language.go:59.58,60.15 1 87
github.com/googleapis/gnostic-grpc/generator/language.go:61.17,62.16 1 0
github.com/googleapis/gnostic-grpc/generator/language.go:63.16,64.18 1 3
github.com/googleapis/gnostic-grpc/generator/language.go:72.17,73.18 1 20
github.com/googleapis/gnostic-grpc/generator/language.go:81.16,82.19 1 0
github.com/googleapis/gnostic-grpc/generator/language.go:83.16,84.18 1 22
github.com/googleapis/gnostic-grpc/generator/language.go:85.14,86.18 1 0
github.com/googleapis/gnostic-grpc/generator/language.go:87.19,88.18 1 0
github.com/googleapis/gnostic-grpc/generator/language.go:89.18,90.18 1 0
github.com/googleapis/gnostic-grpc/generator/language.go:91.16,92.18 1 0
github.com/googleapis/gnostic-grpc/generator/language.go:93.15,94.18 1 0
github.com/googleapis/gnostic-grpc/generator/language.go:95.14,96.18 1 0
github.com/googleapis/gnostic-grpc/generator/language.go:97.13,98.18 1 0
github.com/googleapis/gnostic-grpc/generator/language.go:99.18,100.18 1 0
github.com/googleapis/gnostic-grpc/generator/language.go:101.14,102.18 1 0
github.com/googleapis/gnostic-grpc/generator/language.go:103.14,104.18 1 0
github.com/googleapis/gnostic-grpc/generator/language.go:105.14,106.18 1 0
github.com/googleapis/gnostic-grpc/generator/language.go:107.10,108.37 1 42
github.com/googleapis/gnostic-grpc/generator/language.go:119.3,119.30 1 39
github.com/googleapis/gnostic-grpc/generator/language.go:65.16,66.18 1 1
github.com/googleapis/gnostic-grpc/generator/language.go:67.17,68.19 1 1
github.com/googleapis/gnostic-grpc/generator/language.go:69.11,70.18 1 1
github.com/googleapis/gnostic-grpc/generator/language.go:74.16,75.18 1 4
github.com/googleapis/gnostic-grpc/generator/language.go:76.16,77.18 1 16
github.com/googleapis/gnostic-grpc/generator/language.go:78.11,79.18 1 0
github.com/googleapis/gnostic-grpc/generator/language.go:108.37,114.31 3 3
github.com/googleapis/gnostic-grpc/generator/language.go:117.4,117.16 1 1
github.com/googleapis/gnostic-grpc/generator/language.go:114.31,116.5 1 2
github.com/googleapis/gnostic-grpc/generator/language.go:126.76,127.48 1 9
github.com/googleapis/gnostic-grpc/generator/language.go:127.48,129.3 1 0
github.com/googleapis/gnostic-grpc/generator/language.go:129.8,129.55 1 9
github.com/googleapis/gnostic-grpc/generator/language.go:129.55,131.3 1 9
github.com/googleapis/gnostic-grpc/generator/language.go:131.8,131.57 1 0
github.com/googleapis/gnostic-grpc/generator/language.go:131.57,136.3 1 0
github.com/googleapis/gnostic-grpc/generator/language.go:141.45,143.34 2 9
github.com/googleapis/gnostic-grpc/generator/language.go:189.2,190.32 2 9
github.com/googleapis/gnostic-grpc/generator/language.go:195.2,195.29 1 9
github.com/googleapis/gnostic-grpc/generator/language.go:143.34,144.36 1 32
github.com/googleapis/gnostic-grpc/generator/language.go:161.3,161.35 1 32
github.com/googleapis/gnostic-grpc/generator/language.go:144.36,145.62 1 15
github.com/googleapis/gnostic-grpc/generator/language.go:145.62,147.41 1 15
github.com/googleapis/gnostic-grpc/generator/language.go:147.41,148.34 1 17
github.com/googleapis/gnostic-grpc/generator/language.go:148.34,150.69 2 2
github.com/googleapis/gnostic-grpc/generator/language.go:150.69,154.8 3 2
github.com/googleapis/gnostic-grpc/generator/language.go:161.35,162.60 1 16
github.com/googleapis/gnostic-grpc/generator/language.go:162.60,167.40 2 16
github.com/googleapis/gnostic-grpc/generator/language.go:171.5,174.114 3 16
github.com/googleapis/gnostic-grpc/generator/language.go:167.40,169.6 1 16
github.com/googleapis/gnostic-grpc/generator/language.go:174.114,177.6 1 11
github.com/googleapis/gnostic-grpc/generator/language.go:177.11,183.6 2 5
github.com/googleapis/gnostic-grpc/generator/language.go:190.32,191.64 1 62
github.com/googleapis/gnostic-grpc/generator/language.go:191.64,193.4 1 31
github.com/googleapis/gnostic-grpc/generator/language.go:199.45,201.34 2 0
github.com/googleapis/gnostic-grpc/generator/language.go:225.2,226.32 2 0
github.com/googleapis/gnostic-grpc/generator/language.go:231.2,231.29 1 0
github.com/googleapis/gnostic-grpc/generator/language.go:201.34,203.35 1 0
github.com/googleapis/gnostic-grpc/generator/language.go:203.35,204.60 1 0
github.com/googleapis/gnostic-grpc/generator/language.go:204.60,210.40 4 0
github.com/googleapis/gnostic-grpc/generator/language.go:210.40,213.6 1 0
github.com/googleapis/gnostic-grpc/generator/language.go:213.11,219.6 2 0
github.com/googleapis/gnostic-grpc/generator/language.go:226.32,227.64 1 0
github.com/googleapis/gnostic-grpc/generator/language.go:227.64,229.4 1 0
github.com/googleapis/gnostic-grpc/generator/language.go:235.112,236.84 1 16
github.com/googleapis/gnostic-grpc/generator/language.go:249.2,249.12 1 3
github.com/googleapis/gnostic-grpc/generator/language.go:236.84,238.17 2 13
github.com/googleapis/gnostic-grpc/generator/language.go:247.3,247.34 1 13
github.com/googleapis/gnostic-grpc/generator/language.go:238.17,239.39 1 13
github.com/googleapis/gnostic-grpc/generator/language.go:239.39,241.52 2 13
github.com/googleapis/gnostic-grpc/generator/language.go:241.52,244.6 2 0
github.com/googleapis/gnostic-grpc/generator/language.go:253.103,257.32 3 9
github.com/googleapis/gnostic-grpc/generator/language.go:261.2,261.32 1 9
github.com/googleapis/gnostic-grpc/generator/language.go:264.2,264.34 1 9
github.com/googleapis/gnostic-grpc/generator/language.go:257.32,259.3 1 62
github.com/googleapis/gnostic-grpc/generator/language.go:261.32,263.3 1 62
github.com/googleapis/gnostic-grpc/generator/language.go:269.59,271.20 2 85
github.com/googleapis/gnostic-grpc/generator/language.go:274.2,275.13 2 85
github.com/googleapis/gnostic-grpc/generator/language.go:271.20,273.3 1 17
github.com/googleapis/gnostic-grpc/generator/language.go:280.55,284.2 3 197
github.com/googleapis/gnostic-grpc/generator/language.go:287.36,299.2 11 299
github.com/googleapis/gnostic-grpc/generator/language.go:302.37,304.62 2 197
github.com/googleapis/gnostic-grpc/generator/language.go:304.62,306.3 1 167
github.com/googleapis/gnostic-grpc/generator/language.go:310.37,317.2 5 85
